/home/ubuntu/workbench/src/install/autorace_core_comand13/lib/python3.12/site-packages/autorace_core_comand13/__init__.py
/home/ubuntu/workbench/src/install/autorace_core_comand13/lib/python3.12/site-packages/autorace_core_comand13/drive.py
/home/ubuntu/workbench/src/install/autorace_core_comand13/lib/python3.12/site-packages/autorace_core_comand13/sensors.py
/home/ubuntu/workbench/src/install/autorace_core_comand13/lib/python3.12/site-packages/autorace_core_comand13/__pycache__/__init__.cpython-312.pyc
/home/ubuntu/workbench/src/install/autorace_core_comand13/lib/python3.12/site-packages/autorace_core_comand13/__pycache__/drive.cpython-312.pyc
/home/ubuntu/workbench/src/install/autorace_core_comand13/lib/python3.12/site-packages/autorace_core_comand13/__pycache__/sensors.cpython-312.pyc
/home/ubuntu/workbench/src/install/autorace_core_comand13/share/ament_index/resource_index/packages/autorace_core_comand13
/home/ubuntu/workbench/src/install/autorace_core_comand13/share/autorace_core_comand13/package.xml
/home/ubuntu/workbench/src/install/autorace_core_comand13/share/autorace_core_comand13/resources/mask.png
/home/ubuntu/workbench/src/install/autorace_core_comand13/share/autorace_core_comand13/resources/path.json
/home/ubuntu/workbench/src/install/autorace_core_comand13/share/autorace_core_comand13/launch/autorace_core.launch.py
/home/ubuntu/workbench/src/install/autorace_core_comand13/lib/python3.12/site-packages/autorace_core_comand13-0.0.0-py3.12.egg-info/PKG-INFO
/home/ubuntu/workbench/src/install/autorace_core_comand13/lib/python3.12/site-packages/autorace_core_comand13-0.0.0-py3.12.egg-info/zip-safe
/home/ubuntu/workbench/src/install/autorace_core_comand13/lib/python3.12/site-packages/autorace_core_comand13-0.0.0-py3.12.egg-info/dependency_links.txt
/home/ubuntu/workbench/src/install/autorace_core_comand13/lib/python3.12/site-packages/autorace_core_comand13-0.0.0-py3.12.egg-info/entry_points.txt
/home/ubuntu/workbench/src/install/autorace_core_comand13/lib/python3.12/site-packages/autorace_core_comand13-0.0.0-py3.12.egg-info/requires.txt
/home/ubuntu/workbench/src/install/autorace_core_comand13/lib/python3.12/site-packages/autorace_core_comand13-0.0.0-py3.12.egg-info/top_level.txt
/home/ubuntu/workbench/src/install/autorace_core_comand13/lib/python3.12/site-packages/autorace_core_comand13-0.0.0-py3.12.egg-info/SOURCES.txt
/home/ubuntu/workbench/src/install/autorace_core_comand13/lib/autorace_core_comand13/drive
/home/ubuntu/workbench/src/install/autorace_core_comand13/lib/autorace_core_comand13/sensors
